<?xml version="1.0" encoding="UTF-8"?>
<testsuite name="kr.paragonnov.levenshtein.LevenshteinTest" tests="3" skipped="0" failures="0" errors="0" timestamp="2022-12-14T00:58:06" hostname="paragonnovmbp14.T-mobile.com" time="0.021">
  <properties/>
  <testcase name="koreanComposition()" classname="kr.paragonnov.levenshtein.LevenshteinTest" time="0.015"/>
  <testcase name="calculate()" classname="kr.paragonnov.levenshtein.LevenshteinTest" time="0.005"/>
  <testcase name="koreanDecomposition()" classname="kr.paragonnov.levenshtein.LevenshteinTest" time="0.001"/>
  <system-out><![CDATA[갈
향
탵
귬
힣
1.0
[ㄱ, ㅏ, ㄹ]
[ㅎ, ㅑ, ㅇ]
[ㅌ, ㅐ, ㅌ]
[ㄱ, ㅠ, ㅁ]
[ㅎ, ㅣ, ㅎ]
]]></system-out>
  <system-err><![CDATA[]]></system-err>
</testsuite>
